d:\dxlibgame\自主ゲーム制作\newgame\x64\release\vc143.pdb
d:\dxlibgame\自主ゲーム制作\newgame\x64\release\scrollmanager.obj
d:\dxlibgame\自主ゲーム制作\newgame\x64\release\player.obj
d:\dxlibgame\自主ゲーム制作\newgame\x64\release\main.obj
d:\dxlibgame\自主ゲーム制作\newgame\x64\release\gamemanager.obj
d:\dxlibgame\自主ゲーム制作\newgame\x64\release\collision.obj
d:\dxlibgame\自主ゲーム制作\newgame\x64\release\back.obj
d:\dxlibgame\自主ゲーム制作\newgame\x64\release\newgame.exe
d:\dxlibgame\自主ゲーム制作\newgame\x64\release\newgame.pdb
d:\dxlibgame\自主ゲーム制作\newgame\x64\release\newgame.ipdb
d:\dxlibgame\自主ゲーム制作\newgame\x64\release\newgame.iobj
e:\dxlibgame\自主ゲーム制作\newgame\x64\release\newgame.ipdb
e:\dxlibgame\自主ゲーム制作\newgame\x64\release\newgame.iobj
d:\dxlibgame\自主ゲーム制作\newgame\x64\release\newgame.tlog\cl.command.1.tlog
d:\dxlibgame\自主ゲーム制作\newgame\x64\release\newgame.tlog\cl.read.1.tlog
d:\dxlibgame\自主ゲーム制作\newgame\x64\release\newgame.tlog\cl.write.1.tlog
d:\dxlibgame\自主ゲーム制作\newgame\x64\release\newgame.tlog\link.command.1.tlog
d:\dxlibgame\自主ゲーム制作\newgame\x64\release\newgame.tlog\link.read.1.tlog
d:\dxlibgame\自主ゲーム制作\newgame\x64\release\newgame.tlog\link.write.1.tlog
d:\dxlibgame\自主ゲーム制作\newgame\x64\release\newgame.tlog\newgame.write.1u.tlog
